Using pre-set license
Built from '2022.3/staging' branch; Version is '2022.3.39f1 (4e1b0f82c39a) revision 5118735'; Using compiler version '192829333'; Build Type 'Release'
OS: 'Windows 10  (10.0.19045) 64bit Professional' Language: 'en' Physical Memory: 16309 MB
BatchMode: 1, IsHumanControllingUs: 0, StartBugReporterOnCrash: 0, Is64bit: 1, IsPro: 1

COMMAND LINE ARGUMENTS:
C:\Program Files\Unity3D\Editor\Unity 2022.3.39f1\Editor\Unity.exe
-adb2
-batchMode
-noUpm
-name
AssetImportWorker1
-projectPath
C:/SushantMohite/Gamedev.tv/Projects/Obstacle Mario Game
-logFile
Logs/AssetImportWorker1.log
-srvPort
54044
Successfully changed project path to: C:/SushantMohite/Gamedev.tv/Projects/Obstacle Mario Game
C:/SushantMohite/Gamedev.tv/Projects/Obstacle Mario Game
[UnityMemory] Configuration Parameters - Can be set up in boot.config
    "memorysetup-bucket-allocator-granularity=16"
    "memorysetup-bucket-allocator-bucket-count=8"
    "memorysetup-bucket-allocator-block-size=33554432"
    "memorysetup-bucket-allocator-block-count=8"
    "memorysetup-main-allocator-block-size=16777216"
    "memorysetup-thread-allocator-block-size=16777216"
    "memorysetup-gfx-main-allocator-block-size=16777216"
    "memorysetup-gfx-thread-allocator-block-size=16777216"
    "memorysetup-cache-allocator-block-size=4194304"
    "memorysetup-typetree-allocator-block-size=2097152"
    "memorysetup-profiler-bucket-allocator-granularity=16"
    "memorysetup-profiler-bucket-allocator-bucket-count=8"
    "memorysetup-profiler-bucket-allocator-block-size=33554432"
    "memorysetup-profiler-bucket-allocator-block-count=8"
    "memorysetup-profiler-allocator-block-size=16777216"
    "memorysetup-profiler-editor-allocator-block-size=1048576"
    "memorysetup-temp-allocator-size-main=16777216"
    "memorysetup-job-temp-allocator-block-size=2097152"
    "memorysetup-job-temp-allocator-block-size-background=1048576"
    "memorysetup-job-temp-allocator-reduction-small-platforms=262144"
    "memorysetup-allocator-temp-initial-block-size-main=262144"
    "memorysetup-allocator-temp-initial-block-size-worker=262144"
    "memorysetup-temp-allocator-size-background-worker=32768"
    "memorysetup-temp-allocator-size-job-worker=262144"
    "memorysetup-temp-allocator-size-preload-manager=33554432"
    "memorysetup-temp-allocator-size-nav-mesh-worker=65536"
    "memorysetup-temp-allocator-size-audio-worker=65536"
    "memorysetup-temp-allocator-size-cloud-worker=32768"
    "memorysetup-temp-allocator-size-gi-baking-worker=262144"
    "memorysetup-temp-allocator-size-gfx=262144"
Player connection [16552]  Target information:

Player connection [16552]  * "[IP] 192.168.0.105 [Port] 0 [Flags] 2 [Guid] 3136486471 [EditorId] 3136486471 [Version] 1048832 [Id] WindowsEditor(7,DESKTOP-L606PB4) [Debug] 1 [PackageName] WindowsEditor [ProjectName] Editor" 

Player connection [16552]  * "[IP] 192.168.137.1 [Port] 0 [Flags] 2 [Guid] 3136486471 [EditorId] 3136486471 [Version] 1048832 [Id] WindowsEditor(7,DESKTOP-L606PB4) [Debug] 1 [PackageName] WindowsEditor [ProjectName] Editor" 

Player connection [16552] Host joined multi-casting on [225.0.0.222:54997]...
Player connection [16552] Host joined alternative multi-casting on [225.0.0.222:34997]...
[PhysX] Initialized MultithreadedTaskDispatcher with 6 workers.
Refreshing native plugins compatible for Editor in 13.64 ms, found 6 plugins.
Preloading 0 native plugins for Editor in 0.00 ms.
Initialize engine version: 2022.3.39f1 (4e1b0f82c39a)
[Subsystems] Discovering subsystems at path C:/Program Files/Unity3D/Editor/Unity 2022.3.39f1/Editor/Data/Resources/UnitySubsystems
[Subsystems] Discovering subsystems at path C:/SushantMohite/Gamedev.tv/Projects/Obstacle Mario Game/Assets
GfxDevice: creating device client; threaded=0; jobified=0
Direct3D:
    Version:  Direct3D 11.0 [level 11.1]
    Renderer: NVIDIA GeForce GTX 1650 (ID=0x1f82)
    Vendor:   NVIDIA
    VRAM:     3935 MB
    Driver:   32.0.15.6094
Initialize mono
Mono path[0] = 'C:/Program Files/Unity3D/Editor/Unity 2022.3.39f1/Editor/Data/Managed'
Mono path[1] = 'C:/Program Files/Unity3D/Editor/Unity 2022.3.39f1/Editor/Data/MonoBleedingEdge/lib/mono/unityjit-win32'
Mono config path = 'C:/Program Files/Unity3D/Editor/Unity 2022.3.39f1/Editor/Data/MonoBleedingEdge/etc'
Using monoOptions --debugger-agent=transport=dt_socket,embedding=1,server=y,suspend=n,address=127.0.0.1:56488
Begin MonoManager ReloadAssembly
Registering precompiled unity dll's ...
Register platform support module: C:/Program Files/Unity3D/Editor/Unity 2022.3.39f1/Editor/Data/PlaybackEngines/WebGLSupport/UnityEditor.WebGL.Extensions.dll
Register platform support module: C:/Program Files/Unity3D/Editor/Unity 2022.3.39f1/Editor/Data/PlaybackEngines/WindowsStandaloneSupport/UnityEditor.WindowsStandalone.Extensions.dll
Registered in 0.009575 seconds.
- Loaded All Assemblies, in  0.352 seconds
Native extension for WindowsStandalone target not found
Native extension for WebGL target not found
Mono: successfully reloaded assembly
- Finished resetting the current domain, in  0.271 seconds
Domain Reload Profiling: 622ms
	BeginReloadAssembly (103ms)
		ExecutionOrderSort (0ms)
		DisableScriptedObjects (0ms)
		BackupInstance (0ms)
		ReleaseScriptingObjects (0ms)
		CreateAndSetChildDomain (1ms)
	RebuildCommonClasses (35ms)
	RebuildNativeTypeToScriptingClass (11ms)
	initialDomainReloadingComplete (60ms)
	LoadAllAssembliesAndSetupDomain (141ms)
		LoadAssemblies (102ms)
		RebuildTransferFunctionScriptingTraits (0ms)
		AnalyzeDomain (139ms)
			TypeCache.Refresh (137ms)
				TypeCache.ScanAssembly (125ms)
			ScanForSourceGeneratedMonoScriptInfo (0ms)
			ResolveRequiredComponents (0ms)
	FinalizeReload (272ms)
		ReleaseScriptCaches (0ms)
		RebuildScriptCaches (0ms)
		SetupLoadedEditorAssemblies (214ms)
			LogAssemblyErrors (0ms)
			InitializePlatformSupportModulesInManaged (10ms)
			SetLoadedEditorAssemblies (5ms)
			RefreshPlugins (0ms)
			BeforeProcessingInitializeOnLoad (2ms)
			ProcessInitializeOnLoadAttributes (148ms)
			ProcessInitializeOnLoadMethodAttributes (48ms)
			AfterProcessingInitializeOnLoad (0ms)
			EditorAssembliesLoaded (0ms)
		ExecutionOrderSort2 (0ms)
		AwakeInstancesAfterBackupRestoration (0ms)
========================================================================
Worker process is ready to serve import requests
Begin MonoManager ReloadAssembly
- Loaded All Assemblies, in  0.718 seconds
Refreshing native plugins compatible for Editor in 6.04 ms, found 6 plugins.
Native extension for WindowsStandalone target not found
Native extension for WebGL target not found
Package Manager log level set to [2]
[Package Manager] Server::EnsureServerProcessIsRunning -- launch failed, reason: Unity was launched with the -noUpm command-line argument
[Package Manager] UpmClient::Send -- Unable to send message (not connected to UPM process).
[Package Manager] Cannot connect to Unity Package Manager local server
Mono: successfully reloaded assembly
- Finished resetting the current domain, in  0.816 seconds
Domain Reload Profiling: 1531ms
	BeginReloadAssembly (146ms)
		ExecutionOrderSort (0ms)
		DisableScriptedObjects (5ms)
		BackupInstance (0ms)
		ReleaseScriptingObjects (0ms)
		CreateAndSetChildDomain (21ms)
	RebuildCommonClasses (35ms)
	RebuildNativeTypeToScriptingClass (12ms)
	initialDomainReloadingComplete (43ms)
	LoadAllAssembliesAndSetupDomain (479ms)
		LoadAssemblies (332ms)
		RebuildTransferFunctionScriptingTraits (0ms)
		AnalyzeDomain (230ms)
			TypeCache.Refresh (189ms)
				TypeCache.ScanAssembly (172ms)
			ScanForSourceGeneratedMonoScriptInfo (28ms)
			ResolveRequiredComponents (12ms)
	FinalizeReload (817ms)
		ReleaseScriptCaches (0ms)
		RebuildScriptCaches (0ms)
		SetupLoadedEditorAssemblies (631ms)
			LogAssemblyErrors (0ms)
			InitializePlatformSupportModulesInManaged (8ms)
			SetLoadedEditorAssemblies (5ms)
			RefreshPlugins (0ms)
			BeforeProcessingInitializeOnLoad (93ms)
			ProcessInitializeOnLoadAttributes (448ms)
			ProcessInitializeOnLoadMethodAttributes (69ms)
			AfterProcessingInitializeOnLoad (8ms)
			EditorAssembliesLoaded (0ms)
		ExecutionOrderSort2 (0ms)
		AwakeInstancesAfterBackupRestoration (7ms)
Launched and connected shader compiler UnityShaderCompiler.exe after 0.05 seconds
Refreshing native plugins compatible for Editor in 5.73 ms, found 6 plugins.
Preloading 0 native plugins for Editor in 0.00 ms.
Unloading 6128 Unused Serialized files (Serialized files now loaded: 0)
Unloading 100 unused Assets / (199.3 KB). Loaded Objects now: 6586.
Memory consumption went from 238.8 MB to 238.6 MB.
Total: 4.411800 ms (FindLiveObjects: 0.674800 ms CreateObjectMapping: 0.270600 ms MarkObjects: 3.162700 ms  DeleteObjects: 0.301700 ms)

AssetImportParameters requested are different than current active one (requested -> active):
  custom:container-demuxer-ogg: 62fdf1f143b41e24485cea50d1cbac27 -> 
  custom:video-decoder-ogg-theora: a1e56fd34408186e4bbccfd4996cb3dc -> 
  custom:framework-win-MediaFoundation: 216162199b28c13a410421893ffa2e32 -> 
  custom:CustomObjectIndexerAttribute: 72b91833f83ae208fae7752999fa3104 -> 
  custom:container-demuxer-webm: 4f35f7cbe854078d1ac9338744f61a02 -> 
  custom:container-muxer-webm: aa71ff27fc2769a1b78a27578f13a17b -> 
  custom:video-decoder-webm-vp8: 9c59270c3fd7afecdb556c50c9e8de78 -> 
  custom:SearchIndexIgnoredProperties: e643bd26f0fe6173181afceb89e7c659 -> 
  custom:AudioImporter_EditorPlatform: d09bf68614088b80899f8185d706f6e7 -> 
  custom:video-encoder-webm-vp8: eb34c28f22e8b96e1ab97ce403110664 -> 
  custom:audio-decoder-ogg-vorbis: bf7c407c2cedff20999df2af8eb42d56 -> 
  custom:audio-encoder-webm-vorbis: bf7c407c2cedff20999df2af8eb42d56 -> 
========================================================================
Received Import Request.
  Time since last request: 181012.743649 seconds.
  path: Assets/UI/9sprite_8bit_circle.png
  artifactKey: Guid(de93f98ad339d6b4da871ab343e21b86) Importer(815301076,1909f56bfc062723c751e8b465ee728b)
Start importing Assets/UI/9sprite_8bit_circle.png using Guid(de93f98ad339d6b4da871ab343e21b86) Importer(815301076,1909f56bfc062723c751e8b465ee728b) [PhysX] Initialized MultithreadedTaskDispatcher with 6 workers.
[PhysX] Initialized MultithreadedTaskDispatcher with 6 workers.
 -> (artifact id: '1be17f769596d9102ec2798a7c827a72') in 0.101470 seconds
Number of updated asset objects reloaded before import = 0
Number of asset objects unloaded after import = 3
========================================================================
Received Import Request.
  Time since last request: 0.000068 seconds.
  path: Assets/UI/Image Sequence_014_0000.png
  artifactKey: Guid(55e491809d9d0f849b52091a1388dcc6) Importer(815301076,1909f56bfc062723c751e8b465ee728b)
Start importing Assets/UI/Image Sequence_014_0000.png using Guid(55e491809d9d0f849b52091a1388dcc6) Importer(815301076,1909f56bfc062723c751e8b465ee728b) [PhysX] Initialized MultithreadedTaskDispatcher with 6 workers.
[PhysX] Initialized MultithreadedTaskDispatcher with 6 workers.
 -> (artifact id: '33d7f5aac49bec8bf815362c1afa3aeb') in 0.019259 seconds
Number of updated asset objects reloaded before import = 0
Number of asset objects unloaded after import = 3
========================================================================
Received Import Request.
  Time since last request: 0.000019 seconds.
  path: Assets/UI/enhanced_image_2 (1).png
  artifactKey: Guid(e894a360952bed3499dc7987e809277a) Importer(815301076,1909f56bfc062723c751e8b465ee728b)
Start importing Assets/UI/enhanced_image_2 (1).png using Guid(e894a360952bed3499dc7987e809277a) Importer(815301076,1909f56bfc062723c751e8b465ee728b) [PhysX] Initialized MultithreadedTaskDispatcher with 6 workers.
[PhysX] Initialized MultithreadedTaskDispatcher with 6 workers.
 -> (artifact id: '17a26ff71921acd55b6d0eb58b9a56e4') in 0.016911 seconds
Number of updated asset objects reloaded before import = 0
Number of asset objects unloaded after import = 3
========================================================================
Received Import Request.
  Time since last request: 0.000020 seconds.
  path: Assets/UI/Image Sequence_006_0000.png
  artifactKey: Guid(2cd612ba9af6b284588675e905d57b13) Importer(815301076,1909f56bfc062723c751e8b465ee728b)
Start importing Assets/UI/Image Sequence_006_0000.png using Guid(2cd612ba9af6b284588675e905d57b13) Importer(815301076,1909f56bfc062723c751e8b465ee728b) [PhysX] Initialized MultithreadedTaskDispatcher with 6 workers.
[PhysX] Initialized MultithreadedTaskDispatcher with 6 workers.
 -> (artifact id: 'd7249fa0e57dad8f7bdfd3d01a2c6703') in 0.017187 seconds
Number of updated asset objects reloaded before import = 0
Number of asset objects unloaded after import = 3
========================================================================
Received Import Request.
  Time since last request: 0.000022 seconds.
  path: Assets/UI/Image Sequence_008_0000.png
  artifactKey: Guid(b2ea8ec425b45bd46a1f078dfa7fdbba) Importer(815301076,1909f56bfc062723c751e8b465ee728b)
Start importing Assets/UI/Image Sequence_008_0000.png using Guid(b2ea8ec425b45bd46a1f078dfa7fdbba) Importer(815301076,1909f56bfc062723c751e8b465ee728b) [PhysX] Initialized MultithreadedTaskDispatcher with 6 workers.
[PhysX] Initialized MultithreadedTaskDispatcher with 6 workers.
 -> (artifact id: 'd885d04ca122b4a2295350a4e2e82531') in 0.018684 seconds
Number of updated asset objects reloaded before import = 0
Number of asset objects unloaded after import = 3
========================================================================
Received Import Request.
  Time since last request: 0.000029 seconds.
  path: Assets/UI/Heart PNG.png
  artifactKey: Guid(43f7d123d3f9bc442acf6618e1138307) Importer(815301076,1909f56bfc062723c751e8b465ee728b)
Start importing Assets/UI/Heart PNG.png using Guid(43f7d123d3f9bc442acf6618e1138307) Importer(815301076,1909f56bfc062723c751e8b465ee728b) [PhysX] Initialized MultithreadedTaskDispatcher with 6 workers.
[PhysX] Initialized MultithreadedTaskDispatcher with 6 workers.
 -> (artifact id: '4ace29618f40393da2128680651346b4') in 0.017532 seconds
Number of updated asset objects reloaded before import = 0
Number of asset objects unloaded after import = 3
========================================================================
Received Import Request.
  Time since last request: 0.000069 seconds.
  path: Assets/UI/Image Sequence_007_0000.png
  artifactKey: Guid(0d70eb9b598fe4a4bac48b6cb2d7da32) Importer(815301076,1909f56bfc062723c751e8b465ee728b)
Start importing Assets/UI/Image Sequence_007_0000.png using Guid(0d70eb9b598fe4a4bac48b6cb2d7da32) Importer(815301076,1909f56bfc062723c751e8b465ee728b) [PhysX] Initialized MultithreadedTaskDispatcher with 6 workers.
[PhysX] Initialized MultithreadedTaskDispatcher with 6 workers.
 -> (artifact id: '33db1e8a44ad5389ece9e7b89bc9e736') in 0.016746 seconds
Number of updated asset objects reloaded before import = 0
Number of asset objects unloaded after import = 3
========================================================================
Received Import Request.
  Time since last request: 0.000017 seconds.
  path: Assets/UI/Image Sequence_004_0000.png
  artifactKey: Guid(8f7ec3d5bf711aa4ebb4cb7f52999c1b) Importer(815301076,1909f56bfc062723c751e8b465ee728b)
Start importing Assets/UI/Image Sequence_004_0000.png using Guid(8f7ec3d5bf711aa4ebb4cb7f52999c1b) Importer(815301076,1909f56bfc062723c751e8b465ee728b) [PhysX] Initialized MultithreadedTaskDispatcher with 6 workers.
[PhysX] Initialized MultithreadedTaskDispatcher with 6 workers.
 -> (artifact id: '0fdc0c767e5140623655da54b4a92d38') in 0.016264 seconds
Number of updated asset objects reloaded before import = 0
Number of asset objects unloaded after import = 3
========================================================================
Received Import Request.
  Time since last request: 0.000018 seconds.
  path: Assets/UI/Image Sequence_017_0000.png
  artifactKey: Guid(27b7bff5121089f4083d9a22ecc7b2f2) Importer(815301076,1909f56bfc062723c751e8b465ee728b)
Start importing Assets/UI/Image Sequence_017_0000.png using Guid(27b7bff5121089f4083d9a22ecc7b2f2) Importer(815301076,1909f56bfc062723c751e8b465ee728b) [PhysX] Initialized MultithreadedTaskDispatcher with 6 workers.
[PhysX] Initialized MultithreadedTaskDispatcher with 6 workers.
 -> (artifact id: 'fb5101099fc79e574163366cce1acda6') in 0.017028 seconds
Number of updated asset objects reloaded before import = 0
Number of asset objects unloaded after import = 3
========================================================================
Received Import Request.
  Time since last request: 0.000022 seconds.
  path: Assets/UI/9sprite_8bit_circle_outline.png
  artifactKey: Guid(0d53d03a773409347ab7b76f9ac10b6a) Importer(815301076,1909f56bfc062723c751e8b465ee728b)
Start importing Assets/UI/9sprite_8bit_circle_outline.png using Guid(0d53d03a773409347ab7b76f9ac10b6a) Importer(815301076,1909f56bfc062723c751e8b465ee728b) [PhysX] Initialized MultithreadedTaskDispatcher with 6 workers.
[PhysX] Initialized MultithreadedTaskDispatcher with 6 workers.
 -> (artifact id: '27707197566707ffeedc09de14a64f18') in 0.014652 seconds
Number of updated asset objects reloaded before import = 0
Number of asset objects unloaded after import = 3
========================================================================
Received Import Request.
  Time since last request: 0.000026 seconds.
  path: Assets/UI/Image Sequence_011_0000.png
  artifactKey: Guid(748c2ce45f4a2cc46b640b3c64c78c68) Importer(815301076,1909f56bfc062723c751e8b465ee728b)
Start importing Assets/UI/Image Sequence_011_0000.png using Guid(748c2ce45f4a2cc46b640b3c64c78c68) Importer(815301076,1909f56bfc062723c751e8b465ee728b) [PhysX] Initialized MultithreadedTaskDispatcher with 6 workers.
[PhysX] Initialized MultithreadedTaskDispatcher with 6 workers.
 -> (artifact id: '8616348bb5ca60e1aaabee3a1cdba3fd') in 0.017087 seconds
Number of updated asset objects reloaded before import = 0
Number of asset objects unloaded after import = 3
========================================================================
Received Import Request.
  Time since last request: 0.000020 seconds.
  path: Assets/UI/Image Sequence_015_0000.png
  artifactKey: Guid(7816ffcde970af94c807ca63301672be) Importer(815301076,1909f56bfc062723c751e8b465ee728b)
Start importing Assets/UI/Image Sequence_015_0000.png using Guid(7816ffcde970af94c807ca63301672be) Importer(815301076,1909f56bfc062723c751e8b465ee728b) [PhysX] Initialized MultithreadedTaskDispatcher with 6 workers.
[PhysX] Initialized MultithreadedTaskDispatcher with 6 workers.
 -> (artifact id: '03bb125babbced4645de1f907a25a226') in 0.016638 seconds
Number of updated asset objects reloaded before import = 0
Number of asset objects unloaded after import = 3
========================================================================
Received Import Request.
  Time since last request: 0.000020 seconds.
  path: Assets/UI/Heart.prefab
  artifactKey: Guid(2efdfe302f21e194daeb8495c5b95ba4) Importer(815301076,1909f56bfc062723c751e8b465ee728b)
Start importing Assets/UI/Heart.prefab using Guid(2efdfe302f21e194daeb8495c5b95ba4) Importer(815301076,1909f56bfc062723c751e8b465ee728b) [PhysX] Initialized MultithreadedTaskDispatcher with 6 workers.
 -> (artifact id: '6763ebdbbd562cedd0f7875983666066') in 0.010144 seconds
Number of updated asset objects reloaded before import = 0
Number of asset objects unloaded after import = 7
========================================================================
Received Import Request.
  Time since last request: 0.000017 seconds.
  path: Assets/UI/Image Sequence_012_0000.png
  artifactKey: Guid(4584e538f23520a419357aa8baefdf8c) Importer(815301076,1909f56bfc062723c751e8b465ee728b)
Start importing Assets/UI/Image Sequence_012_0000.png using Guid(4584e538f23520a419357aa8baefdf8c) Importer(815301076,1909f56bfc062723c751e8b465ee728b) [PhysX] Initialized MultithreadedTaskDispatcher with 6 workers.
[PhysX] Initialized MultithreadedTaskDispatcher with 6 workers.
 -> (artifact id: '0d1256670d03ca440c2ec6e35e7dd61b') in 0.016756 seconds
Number of updated asset objects reloaded before import = 0
Number of asset objects unloaded after import = 3
========================================================================
Received Import Request.
  Time since last request: 0.000023 seconds.
  path: Assets/UI/Image Sequence_013_0000.png
  artifactKey: Guid(7c966ee7ac579af4e9ae71c0758896bc) Importer(815301076,1909f56bfc062723c751e8b465ee728b)
Start importing Assets/UI/Image Sequence_013_0000.png using Guid(7c966ee7ac579af4e9ae71c0758896bc) Importer(815301076,1909f56bfc062723c751e8b465ee728b) [PhysX] Initialized MultithreadedTaskDispatcher with 6 workers.
[PhysX] Initialized MultithreadedTaskDispatcher with 6 workers.
 -> (artifact id: 'e437290a41b73ce54899c4341d5ad5ae') in 0.016599 seconds
Number of updated asset objects reloaded before import = 0
Number of asset objects unloaded after import = 3
========================================================================
Received Import Request.
  Time since last request: 0.000022 seconds.
  path: Assets/UI/Image Sequence_009_0000.png
  artifactKey: Guid(d8c70ac5946acff4d836e87dadafe8be) Importer(815301076,1909f56bfc062723c751e8b465ee728b)
Start importing Assets/UI/Image Sequence_009_0000.png using Guid(d8c70ac5946acff4d836e87dadafe8be) Importer(815301076,1909f56bfc062723c751e8b465ee728b) [PhysX] Initialized MultithreadedTaskDispatcher with 6 workers.
[PhysX] Initialized MultithreadedTaskDispatcher with 6 workers.
 -> (artifact id: 'da4d53d8b0a47d14978cf48b33dc104a') in 0.015955 seconds
Number of updated asset objects reloaded before import = 0
Number of asset objects unloaded after import = 3
========================================================================
Received Import Request.
  Time since last request: 0.000020 seconds.
  path: Assets/UI/Image Sequence_016_0000.png
  artifactKey: Guid(780e457514168134eb5ec5fc78151c4d) Importer(815301076,1909f56bfc062723c751e8b465ee728b)
Start importing Assets/UI/Image Sequence_016_0000.png using Guid(780e457514168134eb5ec5fc78151c4d) Importer(815301076,1909f56bfc062723c751e8b465ee728b) [PhysX] Initialized MultithreadedTaskDispatcher with 6 workers.
[PhysX] Initialized MultithreadedTaskDispatcher with 6 workers.
 -> (artifact id: '69f22f4d47d226dfbf10b909eb7a26a4') in 0.016646 seconds
Number of updated asset objects reloaded before import = 0
Number of asset objects unloaded after import = 3
========================================================================
Received Import Request.
  Time since last request: 0.000021 seconds.
  path: Assets/Scenes/Menu.unity
  artifactKey: Guid(f03807ef855b62142bb1d59c97623fb4) Importer(815301076,1909f56bfc062723c751e8b465ee728b)
Start importing Assets/Scenes/Menu.unity using Guid(f03807ef855b62142bb1d59c97623fb4) Importer(815301076,1909f56bfc062723c751e8b465ee728b) [PhysX] Initialized MultithreadedTaskDispatcher with 6 workers.
 -> (artifact id: '7969f6c87656ea9a8e73f54ab505d9ce') in 0.000712 seconds
Number of updated asset objects reloaded before import = 0
Number of asset objects unloaded after import = 0
========================================================================
Received Import Request.
  Time since last request: 0.000018 seconds.
  path: Assets/UI/Image Sequence_010_0000.png
  artifactKey: Guid(a6393bbab9208d8478864385f71d904d) Importer(815301076,1909f56bfc062723c751e8b465ee728b)
Start importing Assets/UI/Image Sequence_010_0000.png using Guid(a6393bbab9208d8478864385f71d904d) Importer(815301076,1909f56bfc062723c751e8b465ee728b) [PhysX] Initialized MultithreadedTaskDispatcher with 6 workers.
[PhysX] Initialized MultithreadedTaskDispatcher with 6 workers.
 -> (artifact id: 'b3f98b74a6843ade0d6b63501726de20') in 0.016635 seconds
Number of updated asset objects reloaded before import = 0
Number of asset objects unloaded after import = 3
========================================================================
Received Import Request.
  Time since last request: 670.481090 seconds.
  path: Assets/SFX/game-bonus-144751-[AudioTrimmer.com].mp3
  artifactKey: Guid(e08ad25f410e66743a20009ffbdaea16) Importer(815301076,1909f56bfc062723c751e8b465ee728b)
Start importing Assets/SFX/game-bonus-144751-[AudioTrimmer.com].mp3 using Guid(e08ad25f410e66743a20009ffbdaea16) Importer(815301076,1909f56bfc062723c751e8b465ee728b) [PhysX] Initialized MultithreadedTaskDispatcher with 6 workers.
[PhysX] Initialized MultithreadedTaskDispatcher with 6 workers.
 -> (artifact id: '13fc882f44d0b66f3d48deeb0eea26ae') in 0.045341 seconds
Number of updated asset objects reloaded before import = 0
Number of asset objects unloaded after import = 2
========================================================================
Received Import Request.
  Time since last request: 0.000031 seconds.
  path: Assets/SFX/smb_jump-super-[AudioTrimmer.com].wav
  artifactKey: Guid(7aca602f2a06b904a89bc5c0183b6f28) Importer(815301076,1909f56bfc062723c751e8b465ee728b)
Start importing Assets/SFX/smb_jump-super-[AudioTrimmer.com].wav using Guid(7aca602f2a06b904a89bc5c0183b6f28) Importer(815301076,1909f56bfc062723c751e8b465ee728b) [PhysX] Initialized MultithreadedTaskDispatcher with 6 workers.
[PhysX] Initialized MultithreadedTaskDispatcher with 6 workers.
 -> (artifact id: '4f511f0f23edd49eb621f570a393721d') in 0.015908 seconds
Number of updated asset objects reloaded before import = 0
Number of asset objects unloaded after import = 2
========================================================================
Received Import Request.
  Time since last request: 0.000020 seconds.
  path: Assets/SFX/smb_pipe-[AudioTrimmer.com].wav
  artifactKey: Guid(7c7b4eebe9a4f6444acf25cee57ff962) Importer(815301076,1909f56bfc062723c751e8b465ee728b)
Start importing Assets/SFX/smb_pipe-[AudioTrimmer.com].wav using Guid(7c7b4eebe9a4f6444acf25cee57ff962) Importer(815301076,1909f56bfc062723c751e8b465ee728b) [PhysX] Initialized MultithreadedTaskDispatcher with 6 workers.
[PhysX] Initialized MultithreadedTaskDispatcher with 6 workers.
 -> (artifact id: '68882a9e4b144e8801b90a4cb5585448') in 0.026236 seconds
Number of updated asset objects reloaded before import = 0
Number of asset objects unloaded after import = 2
========================================================================
Received Import Request.
  Time since last request: 0.000022 seconds.
  path: Assets/SFX/water-jump-splash-pool-180114.mp3
  artifactKey: Guid(b32341408cee656448ee50bc357cb9de) Importer(815301076,1909f56bfc062723c751e8b465ee728b)
Start importing Assets/SFX/water-jump-splash-pool-180114.mp3 using Guid(b32341408cee656448ee50bc357cb9de) Importer(815301076,1909f56bfc062723c751e8b465ee728b) [PhysX] Initialized MultithreadedTaskDispatcher with 6 workers.
[PhysX] Initialized MultithreadedTaskDispatcher with 6 workers.
 -> (artifact id: '7ba1dacc0781ab1d690d4863d796b139') in 0.021560 seconds
Number of updated asset objects reloaded before import = 0
Number of asset objects unloaded after import = 2
========================================================================
Received Import Request.
  Time since last request: 0.000019 seconds.
  path: Assets/SFX/smb_mariodie-[AudioTrimmer.com].wav
  artifactKey: Guid(634c32c7b24359c479b63fa28871ae93) Importer(815301076,1909f56bfc062723c751e8b465ee728b)
Start importing Assets/SFX/smb_mariodie-[AudioTrimmer.com].wav using Guid(634c32c7b24359c479b63fa28871ae93) Importer(815301076,1909f56bfc062723c751e8b465ee728b) [PhysX] Initialized MultithreadedTaskDispatcher with 6 workers.
[PhysX] Initialized MultithreadedTaskDispatcher with 6 workers.
 -> (artifact id: 'dd8cc74f2a7181aa60e64776afa85af8') in 0.023923 seconds
Number of updated asset objects reloaded before import = 0
Number of asset objects unloaded after import = 2
========================================================================
Received Import Request.
  Time since last request: 0.000025 seconds.
  path: Assets/SFX/smb_stage_clear-[AudioTrimmer.com].wav
  artifactKey: Guid(5c3ea72af487330438f5a4833261ab63) Importer(815301076,1909f56bfc062723c751e8b465ee728b)
Start importing Assets/SFX/smb_stage_clear-[AudioTrimmer.com].wav using Guid(5c3ea72af487330438f5a4833261ab63) Importer(815301076,1909f56bfc062723c751e8b465ee728b) [PhysX] Initialized MultithreadedTaskDispatcher with 6 workers.
[PhysX] Initialized MultithreadedTaskDispatcher with 6 workers.
 -> (artifact id: '71834a8f2b105761b07aeb40fd44012c') in 0.012129 seconds
Number of updated asset objects reloaded before import = 0
Number of asset objects unloaded after import = 2
========================================================================
Received Import Request.
  Time since last request: 0.000028 seconds.
  path: Assets/SFX/smb_gameover-[AudioTrimmer.com].wav
  artifactKey: Guid(475e0b93b53b6f64cbd33882d6aa7528) Importer(815301076,1909f56bfc062723c751e8b465ee728b)
Start importing Assets/SFX/smb_gameover-[AudioTrimmer.com].wav using Guid(475e0b93b53b6f64cbd33882d6aa7528) Importer(815301076,1909f56bfc062723c751e8b465ee728b) [PhysX] Initialized MultithreadedTaskDispatcher with 6 workers.
[PhysX] Initialized MultithreadedTaskDispatcher with 6 workers.
 -> (artifact id: '90d50737d38674b66b15572dbae3749b') in 0.011877 seconds
Number of updated asset objects reloaded before import = 0
Number of asset objects unloaded after import = 2
========================================================================
Received Prepare
Refreshing native plugins compatible for Editor in 5.12 ms, found 6 plugins.
Preloading 0 native plugins for Editor in 0.00 ms.
Unloading 4 Unused Serialized files (Serialized files now loaded: 0)
Unloading 4 unused Assets / (143.9 KB). Loaded Objects now: 6603.
Memory consumption went from 115.4 MB to 115.2 MB.
Total: 4.134900 ms (FindLiveObjects: 0.552300 ms CreateObjectMapping: 0.181000 ms MarkObjects: 3.260500 ms  DeleteObjects: 0.139700 ms)

Prepare: number of updated asset objects reloaded= 0
AssetImportParameters requested are different than current active one (requested -> active):
  custom:container-demuxer-ogg: 62fdf1f143b41e24485cea50d1cbac27 -> 
  custom:video-decoder-ogg-theora: a1e56fd34408186e4bbccfd4996cb3dc -> 
  custom:framework-win-MediaFoundation: 216162199b28c13a410421893ffa2e32 -> 
  custom:CustomObjectIndexerAttribute: 72b91833f83ae208fae7752999fa3104 -> 
  custom:container-demuxer-webm: 4f35f7cbe854078d1ac9338744f61a02 -> 
  custom:container-muxer-webm: aa71ff27fc2769a1b78a27578f13a17b -> 
  custom:video-decoder-webm-vp8: 9c59270c3fd7afecdb556c50c9e8de78 -> 
  custom:SearchIndexIgnoredProperties: e643bd26f0fe6173181afceb89e7c659 -> 
  custom:AudioImporter_EditorPlatform: d09bf68614088b80899f8185d706f6e7 -> 
  custom:video-encoder-webm-vp8: eb34c28f22e8b96e1ab97ce403110664 -> 
  custom:audio-decoder-ogg-vorbis: bf7c407c2cedff20999df2af8eb42d56 -> 
  custom:audio-encoder-webm-vorbis: bf7c407c2cedff20999df2af8eb42d56 -> 
========================================================================
Received Prepare
Refreshing native plugins compatible for Editor in 5.01 ms, found 6 plugins.
Preloading 0 native plugins for Editor in 0.00 ms.
Unloading 4 Unused Serialized files (Serialized files now loaded: 0)
Unloading 4 unused Assets / (144.0 KB). Loaded Objects now: 6603.
Memory consumption went from 115.4 MB to 115.2 MB.
Total: 4.759100 ms (FindLiveObjects: 0.529700 ms CreateObjectMapping: 0.174500 ms MarkObjects: 3.913800 ms  DeleteObjects: 0.140400 ms)

Prepare: number of updated asset objects reloaded= 0
AssetImportParameters requested are different than current active one (requested -> active):
  custom:container-demuxer-ogg: 62fdf1f143b41e24485cea50d1cbac27 -> 
  custom:video-decoder-ogg-theora: a1e56fd34408186e4bbccfd4996cb3dc -> 
  custom:framework-win-MediaFoundation: 216162199b28c13a410421893ffa2e32 -> 
  custom:CustomObjectIndexerAttribute: 72b91833f83ae208fae7752999fa3104 -> 
  custom:container-demuxer-webm: 4f35f7cbe854078d1ac9338744f61a02 -> 
  custom:container-muxer-webm: aa71ff27fc2769a1b78a27578f13a17b -> 
  custom:video-decoder-webm-vp8: 9c59270c3fd7afecdb556c50c9e8de78 -> 
  custom:SearchIndexIgnoredProperties: e643bd26f0fe6173181afceb89e7c659 -> 
  custom:AudioImporter_EditorPlatform: d09bf68614088b80899f8185d706f6e7 -> 
  custom:video-encoder-webm-vp8: eb34c28f22e8b96e1ab97ce403110664 -> 
  custom:audio-decoder-ogg-vorbis: bf7c407c2cedff20999df2af8eb42d56 -> 
  custom:audio-encoder-webm-vorbis: bf7c407c2cedff20999df2af8eb42d56 -> 
